{
  message: 'Example app listening on port 5000',
  level: 'info',
  service: 'user-service',
  label: 'right meow!',
  timestamp: '2023-07-14T12:21:40.836Z'
}
{
  message: 'Example app listening on port 5000',
  level: 'info',
  service: 'user-service',
  label: 'right meow!',
  timestamp: '2023-07-14T12:24:52.938Z'
}
{
  message: 'Example app listening on port 5000',
  level: 'info',
  service: 'user-service',
  label: 'right meow!',
  timestamp: '2023-07-14T12:33:32.538Z'
}
{
  message: 'Example app listening on port 5000',
  level: 'info',
  service: 'user-service',
  label: 'right meow!',
  timestamp: '2023-07-14T12:34:30.255Z'
}
{
  message: 'Example app listening on port 5000',
  level: 'info',
  service: 'user-service',
  label: 'right meow!',
  timestamp: '2023-07-14T12:35:05.318Z'
}
{
  message: 'Example app listening on port 5000',
  level: 'info',
  service: 'user-service',
  label: 'right meow!',
  timestamp: '2023-07-14T12:50:03.850Z'
}
{
  message: 'Example app listening on port 5000',
  level: 'info',
  service: 'user-service',
  label: 'right meow!',
  timestamp: '2023-07-14T12:55:57.638Z'
}
