{
  message: 'Example app listening on port 5000',
  level: 'info',
  service: 'user-service',
  label: 'right meow!',
  timestamp: '2023-07-16T05:24:47.040Z'
}
{
  message: 'Example app listening on port 5000',
  level: 'info',
  service: 'user-service',
  label: 'right meow!',
  timestamp: '2023-07-16T05:25:26.970Z'
}
{
  message: 'Example app listening on port 5000',
  level: 'info',
  service: 'user-service',
  label: 'right meow!',
  timestamp: '2023-07-16T05:28:07.475Z'
}
{
  message: 'Example app listening on port 5000',
  level: 'info',
  service: 'user-service',
  label: 'right meow!',
  timestamp: '2023-07-16T05:30:56.209Z'
}
